<?xml version="1.0" encoding="UTF-8"?>
<!-- Generated by org.testng.reporters.JUnitReportReporter -->
<testsuite hostname="IEMR4267" failures="0" tests="2" name="testNG.F" time="0.010" errors="0" timestamp="2023-05-26T14:40:23 IST" skipped="0">
  <testcase classname="testNG.F" name="signUp" time="0.009"/>
  <system-out/>
  <testcase classname="testNG.F" name="signIn" time="0.001"/>
  <system-out/>
</testsuite> <!-- testNG.F -->
