<?xml version="1.0" encoding="UTF-8"?>
<!-- Generated by org.testng.reporters.JUnitReportReporter -->
<testsuite hostname="IEMR4267" failures="0" tests="1" name="testNG.A" time="0.006" errors="0" timestamp="2023-05-26T14:20:27 IST" skipped="0">
  <testcase classname="testNG.A" name="demo" time="0.006"/>
  <system-out/>
</testsuite> <!-- testNG.A -->
