<?xml version="1.0" encoding="UTF-8"?>
<!-- Generated by org.testng.reporters.JUnitReportReporter -->
<testsuite hostname="IEMR4267" failures="0" tests="1" name="testNG.ToveriFyCustomer" time="7.059" errors="0" timestamp="2023-05-30T22:42:48 IST" skipped="0">
  <testcase classname="testNG.ToveriFyCustomer" name="demo1" time="7.059"/>
  <system-out/>
</testsuite> <!-- testNG.ToveriFyCustomer -->
