<?xml version="1.0" encoding="UTF-8"?>
<!-- Generated by org.testng.reporters.JUnitReportReporter -->
<testsuite hostname="IEMR4267" failures="0" tests="1" name="testNG.ToVeriFyFaceBook" time="4.367" errors="0" timestamp="2023-05-30T23:01:51 IST" skipped="0">
  <testcase classname="testNG.ToVeriFyFaceBook" name="ToVerifyFacebook" time="4.367"/>
  <system-out/>
</testsuite> <!-- testNG.ToVeriFyFaceBook -->
