<?xml version="1.0" encoding="UTF-8"?>
<!-- Generated by org.testng.reporters.JUnitReportReporter -->
<testsuite hostname="IEMR4267" failures="0" tests="3" name="testNG.E" time="0.003" errors="0" timestamp="2023-05-26T14:20:27 IST" skipped="1">
  <testcase classname="testNG.E" name="c" time="0.001"/>
  <system-out/>
  <testcase classname="testNG.E" name="a" time="0.002"/>
  <system-out/>
  <testcase classname="testNG.E" name="b">
    <skipped/>
  </testcase> <!-- b -->
  <system-out/>
</testsuite> <!-- testNG.E -->
