<?xml version="1.0" encoding="UTF-8"?>
<!-- Generated by org.testng.reporters.JUnitReportReporter -->
<testsuite hostname="IEMR4267" failures="0" tests="2" name="testNG.B" time="0.007" errors="0" timestamp="2023-05-26T14:20:27 IST" skipped="0">
  <testcase classname="testNG.B" name="subrat" time="0.006"/>
  <system-out/>
  <testcase classname="testNG.B" name="rajput" time="0.001"/>
  <system-out/>
</testsuite> <!-- testNG.B -->
