<?xml version="1.0" encoding="UTF-8"?>
<!-- Generated by org.testng.reporters.JUnitReportReporter -->
<testsuite hostname="IEMR4267" failures="0" tests="1" name="testNG.G" time="0.000" errors="0" timestamp="2023-05-26T14:40:23 IST" skipped="0">
  <testcase classname="testNG.G" name="sentMail" time="0.000"/>
  <system-out/>
</testsuite> <!-- testNG.G -->
