<?xml version="1.0" encoding="UTF-8"?>
<!-- Generated by org.testng.reporters.JUnitReportReporter -->
<testsuite hostname="IEMR4267" failures="0" tests="1" name="testNG.ToVerifyGoogle" time="12.493" errors="0" timestamp="2023-05-30T23:01:51 IST" skipped="0">
  <testcase classname="testNG.ToVerifyGoogle" name="ToVerifyGoogle" time="12.493"/>
  <system-out/>
</testsuite> <!-- testNG.ToVerifyGoogle -->
